Trying to find name textbox
Trying to close Application
Application has closed
Trying to find name textbox
Trying to close Application
Application has closed
Trying to find name textbox
Clear the name textbox
Typing the text: rahul
Trying to find Female Option
Click on Female Option
Trying to find country dropdown
click on country DropDown
Start Scrolling to the text:  Bahrain
Trying to find let shop button
Click on let shop button
Trying to close Application
Application has closed
Trying to find name textbox
Clear the name textbox
Typing the text: rahul
Trying to find Female Option
Click on Female Option
Trying to find country dropdown
click on country DropDown
Start Scrolling to the text:  Bahrain
Trying to find let shop button
Trying to close Application
Application has closed
Trying to close Application
Application has closed
Trying to find name textbox
Clear the name textbox
Typing the text: rahul
Trying to find Female Option
Click on Female Option
Trying to find country dropdown
click on country DropDown
Start Scrolling to the text:  Bahrain
Trying to find let shop button
Click on let shop button
Trying to close Application
Application has closed
Trying to find name textbox
Trying to close Application
Application has closed
Trying to close Application
Application has closed
Trying to find name textbox
Clear the name textbox
Typing the text: rahul
Trying to find Female Option
Click on Female Option
Trying to find country dropdown
click on country DropDown
Start Scrolling to the text:  Bahrain
Trying to find let shop button
Click on let shop button
Trying to close Application
Application has closed
Trying to find name textbox
Clear the name textbox
Typing the text: rahul
Trying to find Female Option
Click on Female Option
Trying to find country dropdown
click on country DropDown
Start Scrolling to the text:  Bahrain
Trying to find let shop button
Click on let shop button
Start Scrolling To Text:Converse All Star
Trying to close Application
Application has closed
Trying to close Application
Application has closed
Trying to find name textbox
Clear the name textbox
Typing the text: rahul
Trying to find Female Option
Click on Female Option
Trying to find country dropdown
click on country DropDown
Start Scrolling to the text:  Bahrain
Trying to find let shop button
Click on let shop button
Trying to close Application
Application has closed
Trying to find name textbox
Clear the name textbox
Typing the text: rahul
Trying to find Female Option
Click on Female Option
Trying to find country dropdown
click on country DropDown
Start Scrolling to the text:  Bahrain
Trying to find let shop button
Click on let shop button
Start Scrolling To Text:Converse All Star
Trying to close Application
Application has closed
Trying to close Application
Application has closed
Trying to find name textbox
Clear the name textbox
Typing the text: rahul
Trying to find Female Option
Click on Female Option
Trying to find country dropdown
click on country DropDown
Trying to close Application
Application has closed
Trying to find name textbox
Clear the name textbox
Typing the text: rahul
Trying to find Female Option
Click on Female Option
Trying to find country dropdown
click on country DropDown
Trying to close Application
Application has closed
Trying to close Application
Application has closed
Trying to find name textbox
Clear the name textbox
Typing the text: rahul
Trying to find Female Option
Click on Female Option
Trying to find country dropdown
click on country DropDown
Trying to close Application
Application has closed
Trying to find name textbox
Clear the name textbox
Typing the text: rahul
Trying to find Female Option
Click on Female Option
Trying to find country dropdown
click on country DropDown
Trying to close Application
Application has closed
Trying to close Application
Application has closed
Trying to find name textbox
Clear the name textbox
Typing the text: rahul
Trying to find Female Option
Click on Female Option
Trying to find country dropdown
click on country DropDown
Trying to close Application
Application has closed
Trying to find name textbox
Clear the name textbox
Typing the text: rahul
Trying to find Female Option
Click on Female Option
Trying to find country dropdown
click on country DropDown
Trying to close Application
Application has closed
Trying to close Application
Application has closed
Trying to find name textbox
Clear the name textbox
Typing the text: rahul
Trying to find Female Option
Click on Female Option
Trying to find country dropdown
click on country DropDown
Start Scrolling to the text:  Bahrain
Trying to find let shop button
Click on let shop button
Trying to close Application
Application has closed
Trying to find name textbox
Clear the name textbox
Trying to close Application
Application has closed
Trying to close Application
Application has closed
Trying to find name textbox
Clear the name textbox
Typing the text: rahul
Trying to find Female Option
Click on Female Option
Trying to find country dropdown
click on country DropDown
Start Scrolling to the text:  Bahrain
Trying to find let shop button
Click on let shop button
Trying to close Application
Application has closed
Trying to find name textbox
Clear the name textbox
Typing the text: rahul
Trying to find Female Option
Click on Female Option
Trying to find country dropdown
click on country DropDown
Start Scrolling to the text:  Bahrain
Trying to find let shop button
Click on let shop button
Trying to close Application
Application has closed
Trying to find name textbox
Clear the name textbox
Typing the text: rahul
Trying to find Female Option
Click on Female Option
Trying to find country dropdown
click on country DropDown
Start Scrolling to the text:  Bahrain
Trying to find let shop button
Click on let shop button
Trying to close Application
Application has closed
Trying to find name textbox
Clear the name textbox
Typing the text: rahul
Trying to find Female Option
Click on Female Option
Trying to find country dropdown
click on country DropDown
Start Scrolling to the text:  Bahrain
Trying to find let shop button
Click on let shop button
Trying to find name textbox
Clear the name textbox
Typing the text: rahul
Trying to find Female Option
Click on Female Option
Trying to find country dropdown
click on country DropDown
Start Scrolling to the text:  Bahrain
Trying to find let shop button
Trying to find name textbox
Clear the name textbox
Typing the text: rahul
Trying to find Female Option
Click on Female Option
Trying to find country dropdown
click on country DropDown
Start Scrolling to the text:  Bahrain
Trying to find let shop button
Click on let shop button
Trying to find name textbox
Clear the name textbox
Typing the text: rahul
Trying to find Female Option
Click on Female Option
Trying to find country dropdown
click on country DropDown
Start Scrolling to the text:  Bahrain
Trying to find let shop button
Click on let shop button
Trying to find name textbox
Clear the name textbox
Typing the text: rahul
Trying to find Female Option
Click on Female Option
Trying to find country dropdown
click on country DropDown
Start Scrolling to the text:  Bahrain
Trying to find let shop button
Click on let shop button
Trying to find name textbox
Clear the name textbox
Typing the text: rahul
Trying to find Female Option
Click on Female Option
Trying to find country dropdown
click on country DropDown
Start Scrolling to the text:  Bahrain
Trying to find let shop button
Click on let shop button
Trying to find name textbox
Clear the name textbox
Typing the text: rahul
Trying to find Female Option
Click on Female Option
Trying to find country dropdown
click on country DropDown
Start Scrolling to the text:  Bahrain
Trying to find let shop button
Click on let shop button
Trying to find name textbox
Clear the name textbox
Typing the text: rahul
Trying to find Female Option
Click on Female Option
Trying to find country dropdown
click on country DropDown
Start Scrolling to the text:  Bahrain
Trying to find let shop button
Click on let shop button
Trying to find name textbox
Clear the name textbox
Typing the text: rahul
Trying to find Female Option
Click on Female Option
Trying to find country dropdown
click on country DropDown
Start Scrolling to the text:  Bahrain
Trying to find let shop button
Click on let shop button
Trying to find name textbox
Clear the name textbox
Typing the text: rahul
Trying to find Female Option
Click on Female Option
Trying to find country dropdown
click on country DropDown
Start Scrolling to the text:  Bahrain
Trying to find let shop button
Click on let shop button
Trying to find name textbox
Clear the name textbox
Typing the text: rahul
Trying to find Female Option
Click on Female Option
Trying to find country dropdown
click on country DropDown
Start Scrolling to the text:  Bahrain
Trying to find let shop button
Click on let shop button
Trying to find name textbox
Clear the name textbox
Typing the text: rahul
Trying to find Female Option
Click on Female Option
Trying to find country dropdown
click on country DropDown
Start Scrolling to the text:  Bahrain
Trying to find let shop button
Click on let shop button
Trying to find name textbox
Clear the name textbox
Typing the text: rahul
Trying to find Female Option
Click on Female Option
Trying to find country dropdown
click on country DropDown
Start Scrolling to the text:  Bahrain
Trying to find let shop button
Click on let shop button
Trying to find name textbox
Clear the name textbox
Typing the text: rahul
Trying to find Female Option
Click on Female Option
Trying to find country dropdown
click on country DropDown
Start Scrolling to the text:  Bahrain
Trying to find let shop button
Click on let shop button
